<?xml version="1.0" encoding="UTF-8"?>
<!-- Generated by org.testng.reporters.JUnitXMLReporter -->
<testsuite hostname="DESKTOP-FNU8D0F" failures="0" tests="4" name="Surefire test" time="0.023" errors="0" timestamp="27 Dec 2021 10:27:53 GMT">
  <testcase classname="com.qa.tests.DemoTest" name="div" time="0.01"/>
  <testcase classname="com.qa.tests.DemoTest" name="mul" time="0.0"/>
  <testcase classname="com.qa.tests.DemoTest" name="sub" time="0.0"/>
  <testcase classname="com.qa.tests.DemoTest" name="sum" time="0.001"/>
</testsuite> <!-- Surefire test -->
