<?xml version="1.0" encoding="UTF-8"?>
<!-- Generated by org.testng.reporters.JUnitXMLReporter -->
<testsuite ignored="0" hostname="DESKTOP-FNU8D0F" failures="0" tests="4" name="Default test" time="0.07" errors="0" timestamp="2021-12-07T16:43:09 IST">
  <testcase classname="com.qa.tests.DemoTest" name="div" time="0.013"/>
  <testcase classname="com.qa.tests.DemoTest" name="mul" time="0.001"/>
  <testcase classname="com.qa.tests.DemoTest" name="sub" time="0.002"/>
  <testcase classname="com.qa.tests.DemoTest" name="sum" time="0.001"/>
</testsuite> <!-- Default test -->
