<?xml version="1.0" encoding="UTF-8"?>
<testng-results total="12" passed="12" failed="0" skipped="0">
  <reporter-output>
  </reporter-output>
  <suite started-at="2021-12-27T10:48:43Z" name="Suite" finished-at="2021-12-27T10:48:43Z" duration-ms="23">
    <groups>
    </groups>
    <test started-at="2021-12-27T10:48:43Z" name="Test" finished-at="2021-12-27T10:48:43Z" duration-ms="23">
      <class name="com.qa.tests.DemoTest">
        <test-method signature="div()[pri:0, instance:com.qa.tests.DemoTest@3561c410]" started-at="2021-12-27T16:18:43Z" name="div" finished-at="2021-12-27T16:18:43Z" duration-ms="7" status="PASS">
          <reporter-output>
          </reporter-output>
        </test-method> <!-- div -->
        <test-method signature="mul()[pri:0, instance:com.qa.tests.DemoTest@3561c410]" started-at="2021-12-27T16:18:43Z" name="mul" finished-at="2021-12-27T16:18:43Z" duration-ms="0" status="PASS">
          <reporter-output>
          </reporter-output>
        </test-method> <!-- mul -->
        <test-method signature="sub()[pri:0, instance:com.qa.tests.DemoTest@3561c410]" started-at="2021-12-27T16:18:43Z" name="sub" finished-at="2021-12-27T16:18:43Z" duration-ms="0" status="PASS">
          <reporter-output>
          </reporter-output>
        </test-method> <!-- sub -->
        <test-method signature="sum()[pri:0, instance:com.qa.tests.DemoTest@3561c410]" started-at="2021-12-27T16:18:43Z" name="sum" finished-at="2021-12-27T16:18:43Z" duration-ms="0" status="PASS">
          <reporter-output>
          </reporter-output>
        </test-method> <!-- sum -->
      </class> <!-- com.qa.tests.DemoTest -->
      <class name="com.qa.tests.DemoTest1">
        <test-method signature="mul()[pri:0, instance:com.qa.tests.DemoTest1@488d1cd7]" started-at="2021-12-27T16:18:43Z" name="mul" finished-at="2021-12-27T16:18:43Z" duration-ms="1" status="PASS">
          <reporter-output>
          </reporter-output>
        </test-method> <!-- mul -->
        <test-method signature="div()[pri:0, instance:com.qa.tests.DemoTest1@488d1cd7]" started-at="2021-12-27T16:18:43Z" name="div" finished-at="2021-12-27T16:18:43Z" duration-ms="0" status="PASS">
          <reporter-output>
          </reporter-output>
        </test-method> <!-- div -->
        <test-method signature="sub()[pri:0, instance:com.qa.tests.DemoTest1@488d1cd7]" started-at="2021-12-27T16:18:43Z" name="sub" finished-at="2021-12-27T16:18:43Z" duration-ms="0" status="PASS">
          <reporter-output>
          </reporter-output>
        </test-method> <!-- sub -->
        <test-method signature="sum()[pri:0, instance:com.qa.tests.DemoTest1@488d1cd7]" started-at="2021-12-27T16:18:43Z" name="sum" finished-at="2021-12-27T16:18:43Z" duration-ms="0" status="PASS">
          <reporter-output>
          </reporter-output>
        </test-method> <!-- sum -->
      </class> <!-- com.qa.tests.DemoTest1 -->
      <class name="com.qa.tests.DemoTest2">
        <test-method signature="div()[pri:0, instance:com.qa.tests.DemoTest2@59e32960]" started-at="2021-12-27T16:18:43Z" name="div" finished-at="2021-12-27T16:18:43Z" duration-ms="1" status="PASS">
          <reporter-output>
          </reporter-output>
        </test-method> <!-- div -->
        <test-method signature="sub()[pri:0, instance:com.qa.tests.DemoTest2@59e32960]" started-at="2021-12-27T16:18:43Z" name="sub" finished-at="2021-12-27T16:18:43Z" duration-ms="0" status="PASS">
          <reporter-output>
          </reporter-output>
        </test-method> <!-- sub -->
        <test-method signature="mul()[pri:0, instance:com.qa.tests.DemoTest2@59e32960]" started-at="2021-12-27T16:18:43Z" name="mul" finished-at="2021-12-27T16:18:43Z" duration-ms="0" status="PASS">
          <reporter-output>
          </reporter-output>
        </test-method> <!-- mul -->
        <test-method signature="sum()[pri:0, instance:com.qa.tests.DemoTest2@59e32960]" started-at="2021-12-27T16:18:43Z" name="sum" finished-at="2021-12-27T16:18:43Z" duration-ms="0" status="PASS">
          <reporter-output>
          </reporter-output>
        </test-method> <!-- sum -->
      </class> <!-- com.qa.tests.DemoTest2 -->
    </test> <!-- Test -->
  </suite> <!-- Suite -->
</testng-results>
